Using pre-set license
Built from '2022.3/staging' branch; Version is '2022.3.16f1 (d2c21f0ef2f1) revision 13812255'; Using compiler version '192829333'; Build Type 'Release'
OS: 'Windows 10  (10.0.19045) 64bit Education' Language: 'ko' Physical Memory: 16245 MB
BatchMode: 1, IsHumanControllingUs: 0, StartBugReporterOnCrash: 0, Is64bit: 1, IsPro: 1

COMMAND LINE ARGUMENTS:
C:\Program Files\Unity 2022.3.16f1\Editor\Unity.exe
-adb2
-batchMode
-noUpm
-name
AssetImportWorker2
-projectPath
C:/Users/김현빈/OneDrive/바탕 화면/IsDiffencePractice/Defensee
-logFile
Logs/AssetImportWorker2.log
-srvPort
65028
Successfully changed project path to: C:/Users/김현빈/OneDrive/바탕 화면/IsDiffencePractice/Defensee
C:/Users/김현빈/OneDrive/바탕 화면/IsDiffencePractice/Defensee
[UnityMemory] Configuration Parameters - Can be set up in boot.config
    "memorysetup-bucket-allocator-granularity=16"
    "memorysetup-bucket-allocator-bucket-count=8"
    "memorysetup-bucket-allocator-block-size=33554432"
    "memorysetup-bucket-allocator-block-count=8"
    "memorysetup-main-allocator-block-size=16777216"
    "memorysetup-thread-allocator-block-size=16777216"
    "memorysetup-gfx-main-allocator-block-size=16777216"
    "memorysetup-gfx-thread-allocator-block-size=16777216"
    "memorysetup-cache-allocator-block-size=4194304"
    "memorysetup-typetree-allocator-block-size=2097152"
    "memorysetup-profiler-bucket-allocator-granularity=16"
    "memorysetup-profiler-bucket-allocator-bucket-count=8"
    "memorysetup-profiler-bucket-allocator-block-size=33554432"
    "memorysetup-profiler-bucket-allocator-block-count=8"
    "memorysetup-profiler-allocator-block-size=16777216"
    "memorysetup-profiler-editor-allocator-block-size=1048576"
    "memorysetup-temp-allocator-size-main=16777216"
    "memorysetup-job-temp-allocator-block-size=2097152"
    "memorysetup-job-temp-allocator-block-size-background=1048576"
    "memorysetup-job-temp-allocator-reduction-small-platforms=262144"
    "memorysetup-allocator-temp-initial-block-size-main=262144"
    "memorysetup-allocator-temp-initial-block-size-worker=262144"
    "memorysetup-temp-allocator-size-background-worker=32768"
    "memorysetup-temp-allocator-size-job-worker=262144"
    "memorysetup-temp-allocator-size-preload-manager=33554432"
    "memorysetup-temp-allocator-size-nav-mesh-worker=65536"
    "memorysetup-temp-allocator-size-audio-worker=65536"
    "memorysetup-temp-allocator-size-cloud-worker=32768"
    "memorysetup-temp-allocator-size-gi-baking-worker=262144"
    "memorysetup-temp-allocator-size-gfx=262144"
Player connection [13160] Host "[IP] 192.168.40.101 [Port] 0 [Flags] 2 [Guid] 754107846 [EditorId] 754107846 [Version] 1048832 [Id] WindowsEditor(7,DESKTOP-FHE7JL8) [Debug] 1 [PackageName] WindowsEditor [ProjectName] Editor" joined multi-casting on [225.0.0.222:54997]...

Player connection [13160] Host "[IP] 192.168.40.101 [Port] 0 [Flags] 2 [Guid] 754107846 [EditorId] 754107846 [Version] 1048832 [Id] WindowsEditor(7,DESKTOP-FHE7JL8) [Debug] 1 [PackageName] WindowsEditor [ProjectName] Editor" joined alternative multi-casting on [225.0.0.222:34997]...

[Physics::Module] Initialized MultithreadedJobDispatcher with 5 workers.
Refreshing native plugins compatible for Editor in 246.01 ms, found 3 plugins.
Preloading 0 native plugins for Editor in 0.00 ms.
Initialize engine version: 2022.3.16f1 (d2c21f0ef2f1)
[Subsystems] Discovering subsystems at path C:/Program Files/Unity 2022.3.16f1/Editor/Data/Resources/UnitySubsystems
[Subsystems] Discovering subsystems at path C:/Users/김현빈/OneDrive/바탕 화면/IsDiffencePractice/Defensee/Assets
GfxDevice: creating device client; threaded=0; jobified=0
Direct3D:
    Version:  Direct3D 11.0 [level 11.1]
    Renderer: NVIDIA GeForce GTX 1650 (ID=0x1f82)
    Vendor:   NVIDIA
    VRAM:     3949 MB
    Driver:   31.0.15.3623
Initialize mono
Mono path[0] = 'C:/Program Files/Unity 2022.3.16f1/Editor/Data/Managed'
Mono path[1] = 'C:/Program Files/Unity 2022.3.16f1/Editor/Data/MonoBleedingEdge/lib/mono/unityjit-win32'
Mono config path = 'C:/Program Files/Unity 2022.3.16f1/Editor/Data/MonoBleedingEdge/etc'
Using monoOptions --debugger-agent=transport=dt_socket,embedding=1,server=y,suspend=n,address=127.0.0.1:56352
Begin MonoManager ReloadAssembly
Registering precompiled unity dll's ...
Register platform support module: C:/Program Files/Unity 2022.3.16f1/Editor/Data/PlaybackEngines/WindowsStandaloneSupport/UnityEditor.WindowsStandalone.Extensions.dll
Registered in 0.009654 seconds.
- Loaded All Assemblies, in  0.405 seconds
Native extension for WindowsStandalone target not found
Mono: successfully reloaded assembly
- Finished resetting the current domain, in  0.296 seconds
Domain Reload Profiling: 699ms
	BeginReloadAssembly (135ms)
		ExecutionOrderSort (0ms)
		DisableScriptedObjects (0ms)
		BackupInstance (0ms)
		ReleaseScriptingObjects (0ms)
		CreateAndSetChildDomain (1ms)
	RebuildCommonClasses (38ms)
	RebuildNativeTypeToScriptingClass (12ms)
	initialDomainReloadingComplete (66ms)
	LoadAllAssembliesAndSetupDomain (151ms)
		LoadAssemblies (129ms)
		RebuildTransferFunctionScriptingTraits (0ms)
		AnalyzeDomain (149ms)
			TypeCache.Refresh (147ms)
				TypeCache.ScanAssembly (132ms)
			ScanForSourceGeneratedMonoScriptInfo (0ms)
			ResolveRequiredComponents (0ms)
	FinalizeReload (297ms)
		ReleaseScriptCaches (0ms)
		RebuildScriptCaches (0ms)
		SetupLoadedEditorAssemblies (234ms)
			LogAssemblyErrors (0ms)
			InitializePlatformSupportModulesInManaged (10ms)
			SetLoadedEditorAssemblies (8ms)
			RefreshPlugins (0ms)
			BeforeProcessingInitializeOnLoad (2ms)
			ProcessInitializeOnLoadAttributes (155ms)
			ProcessInitializeOnLoadMethodAttributes (59ms)
			AfterProcessingInitializeOnLoad (0ms)
			EditorAssembliesLoaded (0ms)
		ExecutionOrderSort2 (0ms)
		AwakeInstancesAfterBackupRestoration (0ms)
========================================================================
Worker process is ready to serve import requests
Begin MonoManager ReloadAssembly
- Loaded All Assemblies, in  0.693 seconds
Refreshing native plugins compatible for Editor in 4.84 ms, found 3 plugins.
Native extension for WindowsStandalone target not found
Package Manager log level set to [2]
[Package Manager] Server::EnsureServerProcessIsRunning -- launch failed, reason: Unity was launched with the -noUpm command-line argument
[Package Manager] UpmClient::Send -- Unable to send message (not connected to UPM process).
[Package Manager] Cannot connect to Unity Package Manager local server
Mono: successfully reloaded assembly
- Finished resetting the current domain, in  0.601 seconds
Domain Reload Profiling: 1291ms
	BeginReloadAssembly (173ms)
		ExecutionOrderSort (0ms)
		DisableScriptedObjects (6ms)
		BackupInstance (0ms)
		ReleaseScriptingObjects (0ms)
		CreateAndSetChildDomain (23ms)
	RebuildCommonClasses (37ms)
	RebuildNativeTypeToScriptingClass (13ms)
	initialDomainReloadingComplete (47ms)
	LoadAllAssembliesAndSetupDomain (419ms)
		LoadAssemblies (333ms)
		RebuildTransferFunctionScriptingTraits (0ms)
		AnalyzeDomain (190ms)
			TypeCache.Refresh (169ms)
				TypeCache.ScanAssembly (153ms)
			ScanForSourceGeneratedMonoScriptInfo (15ms)
			ResolveRequiredComponents (5ms)
	FinalizeReload (602ms)
		ReleaseScriptCaches (0ms)
		RebuildScriptCaches (0ms)
		SetupLoadedEditorAssemblies (437ms)
			LogAssemblyErrors (0ms)
			InitializePlatformSupportModulesInManaged (7ms)
			SetLoadedEditorAssemblies (5ms)
			RefreshPlugins (0ms)
			BeforeProcessingInitializeOnLoad (68ms)
			ProcessInitializeOnLoadAttributes (326ms)
			ProcessInitializeOnLoadMethodAttributes (22ms)
			AfterProcessingInitializeOnLoad (10ms)
			EditorAssembliesLoaded (0ms)
		ExecutionOrderSort2 (0ms)
		AwakeInstancesAfterBackupRestoration (15ms)
Launched and connected shader compiler UnityShaderCompiler.exe after 0.05 seconds
Refreshing native plugins compatible for Editor in 5.32 ms, found 3 plugins.
Preloading 0 native plugins for Editor in 0.00 ms.
Unloading 3107 Unused Serialized files (Serialized files now loaded: 0)
Unloading 32 unused Assets / (57.2 KB). Loaded Objects now: 3570.
Memory consumption went from 127.4 MB to 127.3 MB.
Total: 2.832700 ms (FindLiveObjects: 0.261000 ms CreateObjectMapping: 0.228000 ms MarkObjects: 2.234600 ms  DeleteObjects: 0.108000 ms)

AssetImportParameters requested are different than current active one (requested -> active):
  custom:container-demuxer-ogg: 62fdf1f143b41e24485cea50d1cbac27 -> 
  custom:video-decoder-ogg-theora: a1e56fd34408186e4bbccfd4996cb3dc -> 
  custom:framework-win-MediaFoundation: 216162199b28c13a410421893ffa2e32 -> 
  custom:CustomObjectIndexerAttribute: 43b350a4d6e6d1791af0b5038c4bea17 -> 
  custom:container-demuxer-webm: 4f35f7cbe854078d1ac9338744f61a02 -> 
  custom:container-muxer-webm: aa71ff27fc2769a1b78a27578f13a17b -> 
  custom:video-decoder-webm-vp8: 9c59270c3fd7afecdb556c50c9e8de78 -> 
  custom:SearchIndexIgnoredProperties: e643bd26f0fe6173181afceb89e7c659 -> 
  custom:AudioImporter_EditorPlatform: d09bf68614088b80899f8185d706f6e7 -> 
  custom:video-encoder-webm-vp8: eb34c28f22e8b96e1ab97ce403110664 -> 
  custom:audio-decoder-ogg-vorbis: bf7c407c2cedff20999df2af8eb42d56 -> 
  custom:audio-encoder-webm-vorbis: bf7c407c2cedff20999df2af8eb42d56 -> 
========================================================================
Received Import Request.
  Time since last request: 598038.518393 seconds.
  path: Assets/Scripts/Core
  artifactKey: Guid(6a8e03bb0e961a343ac03464d9efb12f) Importer(815301076,1909f56bfc062723c751e8b465ee728b)
Start importing Assets/Scripts/Core using Guid(6a8e03bb0e961a343ac03464d9efb12f) Importer(815301076,1909f56bfc062723c751e8b465ee728b)  -> (artifact id: '03bbe01fefb5ad6dab23b549e1dabd65') in 0.002606 seconds
Number of updated asset objects reloaded before import = 0
Number of asset objects unloaded after import = 0
========================================================================
Received Import Request.
  Time since last request: 1.412391 seconds.
  path: Assets/Scripts/Core/GuardianBuildManager.cs
  artifactKey: Guid(87f8305df063ab649b0b94ad692c75e7) Importer(815301076,1909f56bfc062723c751e8b465ee728b)
Start importing Assets/Scripts/Core/GuardianBuildManager.cs using Guid(87f8305df063ab649b0b94ad692c75e7) Importer(815301076,1909f56bfc062723c751e8b465ee728b)  -> (artifact id: 'e2c286e3d7e18fd7bbd05d2117cd12dd') in 0.000522 seconds
Number of updated asset objects reloaded before import = 0
Number of asset objects unloaded after import = 0
========================================================================
Received Import Request.
  Time since last request: 228.635893 seconds.
  path: Assets/Scripts/Core/GuardianBuildManager.cs
  artifactKey: Guid(87f8305df063ab649b0b94ad692c75e7) Importer(815301076,1909f56bfc062723c751e8b465ee728b)
Start importing Assets/Scripts/Core/GuardianBuildManager.cs using Guid(87f8305df063ab649b0b94ad692c75e7) Importer(815301076,1909f56bfc062723c751e8b465ee728b)  -> (artifact id: '76265b23ece4e6ae3b73da86d546149b') in 0.001040 seconds
Number of updated asset objects reloaded before import = 0
Number of asset objects unloaded after import = 0
========================================================================
Received Import Request.
  Time since last request: 24.069379 seconds.
  path: Assets/Scripts/Core/GuardianBuildManager.cs
  artifactKey: Guid(87f8305df063ab649b0b94ad692c75e7) Importer(815301076,1909f56bfc062723c751e8b465ee728b)
Start importing Assets/Scripts/Core/GuardianBuildManager.cs using Guid(87f8305df063ab649b0b94ad692c75e7) Importer(815301076,1909f56bfc062723c751e8b465ee728b)  -> (artifact id: 'c37f8a95547ac0bfffdc4ba922268e43') in 0.000581 seconds
Number of updated asset objects reloaded before import = 0
Number of asset objects unloaded after import = 0
========================================================================
Received Import Request.
  Time since last request: 244.006085 seconds.
  path: Assets/Scripts/Core/GuardianBuildManager.cs
  artifactKey: Guid(87f8305df063ab649b0b94ad692c75e7) Importer(815301076,1909f56bfc062723c751e8b465ee728b)
Start importing Assets/Scripts/Core/GuardianBuildManager.cs using Guid(87f8305df063ab649b0b94ad692c75e7) Importer(815301076,1909f56bfc062723c751e8b465ee728b)  -> (artifact id: '9200d0205f90f6d74f201f5195a8531c') in 0.000659 seconds
Number of updated asset objects reloaded before import = 0
Number of asset objects unloaded after import = 0
========================================================================
Received Import Request.
  Time since last request: 11.514418 seconds.
  path: Assets/Scripts/Core/GuardianBuildManager.cs
  artifactKey: Guid(87f8305df063ab649b0b94ad692c75e7) Importer(815301076,1909f56bfc062723c751e8b465ee728b)
Start importing Assets/Scripts/Core/GuardianBuildManager.cs using Guid(87f8305df063ab649b0b94ad692c75e7) Importer(815301076,1909f56bfc062723c751e8b465ee728b)  -> (artifact id: 'c5ecedea0044de0cdc087b4344180e10') in 0.000650 seconds
Number of updated asset objects reloaded before import = 0
Number of asset objects unloaded after import = 0
========================================================================
Received Import Request.
  Time since last request: 44.062660 seconds.
  path: Assets/Scripts/Core/GuardianBuildManager.cs
  artifactKey: Guid(87f8305df063ab649b0b94ad692c75e7) Importer(815301076,1909f56bfc062723c751e8b465ee728b)
Start importing Assets/Scripts/Core/GuardianBuildManager.cs using Guid(87f8305df063ab649b0b94ad692c75e7) Importer(815301076,1909f56bfc062723c751e8b465ee728b)  -> (artifact id: 'ad7d34a778d133e6903197741c8cbb18') in 0.000630 seconds
Number of updated asset objects reloaded before import = 0
Number of asset objects unloaded after import = 0
========================================================================
Received Import Request.
  Time since last request: 18.396985 seconds.
  path: Assets/Scripts/Core/GuardianBuildManager.cs
  artifactKey: Guid(87f8305df063ab649b0b94ad692c75e7) Importer(815301076,1909f56bfc062723c751e8b465ee728b)
Start importing Assets/Scripts/Core/GuardianBuildManager.cs using Guid(87f8305df063ab649b0b94ad692c75e7) Importer(815301076,1909f56bfc062723c751e8b465ee728b)  -> (artifact id: '2d6e1b0a7fe284d8ec5af9e7b83cd2a8') in 0.000582 seconds
Number of updated asset objects reloaded before import = 0
Number of asset objects unloaded after import = 0
========================================================================
Received Import Request.
  Time since last request: 46.738975 seconds.
  path: Assets/Scripts/Core/GuardianBuildManager.cs
  artifactKey: Guid(87f8305df063ab649b0b94ad692c75e7) Importer(815301076,1909f56bfc062723c751e8b465ee728b)
Start importing Assets/Scripts/Core/GuardianBuildManager.cs using Guid(87f8305df063ab649b0b94ad692c75e7) Importer(815301076,1909f56bfc062723c751e8b465ee728b)  -> (artifact id: '08f36e83b990e59363b5390c42361f09') in 0.000637 seconds
Number of updated asset objects reloaded before import = 0
Number of asset objects unloaded after import = 0
========================================================================
Received Import Request.
  Time since last request: 8.294273 seconds.
  path: Assets/Scripts/Core/GuardianBuildManager.cs
  artifactKey: Guid(87f8305df063ab649b0b94ad692c75e7) Importer(815301076,1909f56bfc062723c751e8b465ee728b)
Start importing Assets/Scripts/Core/GuardianBuildManager.cs using Guid(87f8305df063ab649b0b94ad692c75e7) Importer(815301076,1909f56bfc062723c751e8b465ee728b)  -> (artifact id: '83afaa29ba028a9f0223c94a5d64cd8b') in 0.000573 seconds
Number of updated asset objects reloaded before import = 0
Number of asset objects unloaded after import = 0
========================================================================
Received Import Request.
  Time since last request: 32.541827 seconds.
  path: Assets/Scripts/Core/GuardianBuildManager.cs
  artifactKey: Guid(87f8305df063ab649b0b94ad692c75e7) Importer(815301076,1909f56bfc062723c751e8b465ee728b)
Start importing Assets/Scripts/Core/GuardianBuildManager.cs using Guid(87f8305df063ab649b0b94ad692c75e7) Importer(815301076,1909f56bfc062723c751e8b465ee728b)  -> (artifact id: '59a8c051ed4d513d4a618cbef28425a4') in 0.000638 seconds
Number of updated asset objects reloaded before import = 0
Number of asset objects unloaded after import = 0
========================================================================
Received Import Request.
  Time since last request: 6.325395 seconds.
  path: Assets/Scripts/Core/GuardianBuildManager.cs
  artifactKey: Guid(87f8305df063ab649b0b94ad692c75e7) Importer(815301076,1909f56bfc062723c751e8b465ee728b)
Start importing Assets/Scripts/Core/GuardianBuildManager.cs using Guid(87f8305df063ab649b0b94ad692c75e7) Importer(815301076,1909f56bfc062723c751e8b465ee728b)  -> (artifact id: '5497c74908e997d2e212a7dbe08cf6da') in 0.000561 seconds
Number of updated asset objects reloaded before import = 0
Number of asset objects unloaded after import = 0
========================================================================
Received Import Request.
  Time since last request: 378.487895 seconds.
  path: Assets/Scripts/Core/GuardianBuildManager.cs
  artifactKey: Guid(87f8305df063ab649b0b94ad692c75e7) Importer(815301076,1909f56bfc062723c751e8b465ee728b)
Start importing Assets/Scripts/Core/GuardianBuildManager.cs using Guid(87f8305df063ab649b0b94ad692c75e7) Importer(815301076,1909f56bfc062723c751e8b465ee728b)  -> (artifact id: '8821e7dc5c9de0b7b74955b40769ee06') in 0.000765 seconds
Number of updated asset objects reloaded before import = 0
Number of asset objects unloaded after import = 0
========================================================================
Received Prepare
Begin MonoManager ReloadAssembly
- Loaded All Assemblies, in  0.564 seconds
Refreshing native plugins compatible for Editor in 5.84 ms, found 3 plugins.
Native extension for WindowsStandalone target not found
[Package Manager] Server::EnsureServerProcessIsRunning -- launch failed, reason: Unity was launched with the -noUpm command-line argument
[Package Manager] UpmClient::Send -- Unable to send message (not connected to UPM process).
[Package Manager] Cannot connect to Unity Package Manager local server
Mono: successfully reloaded assembly
- Finished resetting the current domain, in  1.262 seconds
Domain Reload Profiling: 1821ms
	BeginReloadAssembly (192ms)
		ExecutionOrderSort (0ms)
		DisableScriptedObjects (6ms)
		BackupInstance (0ms)
		ReleaseScriptingObjects (0ms)
		CreateAndSetChildDomain (34ms)
	RebuildCommonClasses (37ms)
	RebuildNativeTypeToScriptingClass (12ms)
	initialDomainReloadingComplete (39ms)
	LoadAllAssembliesAndSetupDomain (277ms)
		LoadAssemblies (367ms)
		RebuildTransferFunctionScriptingTraits (0ms)
		AnalyzeDomain (23ms)
			TypeCache.Refresh (9ms)
				TypeCache.ScanAssembly (0ms)
			ScanForSourceGeneratedMonoScriptInfo (7ms)
			ResolveRequiredComponents (5ms)
	FinalizeReload (1263ms)
		ReleaseScriptCaches (0ms)
		RebuildScriptCaches (0ms)
		SetupLoadedEditorAssemblies (401ms)
			LogAssemblyErrors (0ms)
			InitializePlatformSupportModulesInManaged (7ms)
			SetLoadedEditorAssemblies (3ms)
			RefreshPlugins (0ms)
			BeforeProcessingInitializeOnLoad (69ms)
			ProcessInitializeOnLoadAttributes (289ms)
			ProcessInitializeOnLoadMethodAttributes (21ms)
			AfterProcessingInitializeOnLoad (12ms)
			EditorAssembliesLoaded (0ms)
		ExecutionOrderSort2 (0ms)
		AwakeInstancesAfterBackupRestoration (16ms)
Refreshing native plugins compatible for Editor in 5.46 ms, found 3 plugins.
Preloading 0 native plugins for Editor in 0.00 ms.
Unloading 3085 Unused Serialized files (Serialized files now loaded: 0)
Unloading 23 unused Assets / (31.1 KB). Loaded Objects now: 3573.
Memory consumption went from 124.8 MB to 124.8 MB.
Total: 3.004200 ms (FindLiveObjects: 0.275500 ms CreateObjectMapping: 0.264600 ms MarkObjects: 2.409500 ms  DeleteObjects: 0.053800 ms)

Prepare: number of updated asset objects reloaded= 0
AssetImportParameters requested are different than current active one (requested -> active):
  custom:container-demuxer-ogg: 62fdf1f143b41e24485cea50d1cbac27 -> 
  custom:video-decoder-ogg-theora: a1e56fd34408186e4bbccfd4996cb3dc -> 
  custom:framework-win-MediaFoundation: 216162199b28c13a410421893ffa2e32 -> 
  custom:CustomObjectIndexerAttribute: 43b350a4d6e6d1791af0b5038c4bea17 -> 
  custom:container-demuxer-webm: 4f35f7cbe854078d1ac9338744f61a02 -> 
  custom:container-muxer-webm: aa71ff27fc2769a1b78a27578f13a17b -> 
  custom:video-decoder-webm-vp8: 9c59270c3fd7afecdb556c50c9e8de78 -> 
  custom:SearchIndexIgnoredProperties: e643bd26f0fe6173181afceb89e7c659 -> 
  custom:AudioImporter_EditorPlatform: d09bf68614088b80899f8185d706f6e7 -> 
  custom:video-encoder-webm-vp8: eb34c28f22e8b96e1ab97ce403110664 -> 
  custom:audio-decoder-ogg-vorbis: bf7c407c2cedff20999df2af8eb42d56 -> 
  custom:audio-encoder-webm-vorbis: bf7c407c2cedff20999df2af8eb42d56 -> 
========================================================================
Received Prepare
Begin MonoManager ReloadAssembly
- Loaded All Assemblies, in  0.581 seconds
Refreshing native plugins compatible for Editor in 12.47 ms, found 3 plugins.
Native extension for WindowsStandalone target not found
[Package Manager] Server::EnsureServerProcessIsRunning -- launch failed, reason: Unity was launched with the -noUpm command-line argument
[Package Manager] UpmClient::Send -- Unable to send message (not connected to UPM process).
[Package Manager] Cannot connect to Unity Package Manager local server
Mono: successfully reloaded assembly
- Finished resetting the current domain, in  1.218 seconds
Domain Reload Profiling: 1792ms
	BeginReloadAssembly (193ms)
		ExecutionOrderSort (0ms)
		DisableScriptedObjects (6ms)
		BackupInstance (0ms)
		ReleaseScriptingObjects (0ms)
		CreateAndSetChildDomain (35ms)
	RebuildCommonClasses (37ms)
	RebuildNativeTypeToScriptingClass (12ms)
	initialDomainReloadingComplete (41ms)
	LoadAllAssembliesAndSetupDomain (290ms)
		LoadAssemblies (381ms)
		RebuildTransferFunctionScriptingTraits (0ms)
		AnalyzeDomain (25ms)
			TypeCache.Refresh (11ms)
				TypeCache.ScanAssembly (0ms)
			ScanForSourceGeneratedMonoScriptInfo (8ms)
			ResolveRequiredComponents (5ms)
	FinalizeReload (1219ms)
		ReleaseScriptCaches (0ms)
		RebuildScriptCaches (0ms)
		SetupLoadedEditorAssemblies (400ms)
			LogAssemblyErrors (0ms)
			InitializePlatformSupportModulesInManaged (8ms)
			SetLoadedEditorAssemblies (3ms)
			RefreshPlugins (0ms)
			BeforeProcessingInitializeOnLoad (71ms)
			ProcessInitializeOnLoadAttributes (284ms)
			ProcessInitializeOnLoadMethodAttributes (21ms)
			AfterProcessingInitializeOnLoad (12ms)
			EditorAssembliesLoaded (0ms)
		ExecutionOrderSort2 (0ms)
		AwakeInstancesAfterBackupRestoration (16ms)
Refreshing native plugins compatible for Editor in 5.86 ms, found 3 plugins.
Preloading 0 native plugins for Editor in 0.00 ms.
Unloading 3086 Unused Serialized files (Serialized files now loaded: 0)
Unloading 23 unused Assets / (31.1 KB). Loaded Objects now: 3576.
Memory consumption went from 127.0 MB to 127.0 MB.
Total: 3.628800 ms (FindLiveObjects: 0.260900 ms CreateObjectMapping: 0.621700 ms MarkObjects: 2.694500 ms  DeleteObjects: 0.050600 ms)

Prepare: number of updated asset objects reloaded= 0
AssetImportParameters requested are different than current active one (requested -> active):
  custom:container-demuxer-ogg: 62fdf1f143b41e24485cea50d1cbac27 -> 
  custom:video-decoder-ogg-theora: a1e56fd34408186e4bbccfd4996cb3dc -> 
  custom:framework-win-MediaFoundation: 216162199b28c13a410421893ffa2e32 -> 
  custom:CustomObjectIndexerAttribute: 43b350a4d6e6d1791af0b5038c4bea17 -> 
  custom:container-demuxer-webm: 4f35f7cbe854078d1ac9338744f61a02 -> 
  custom:container-muxer-webm: aa71ff27fc2769a1b78a27578f13a17b -> 
  custom:video-decoder-webm-vp8: 9c59270c3fd7afecdb556c50c9e8de78 -> 
  custom:SearchIndexIgnoredProperties: e643bd26f0fe6173181afceb89e7c659 -> 
  custom:AudioImporter_EditorPlatform: d09bf68614088b80899f8185d706f6e7 -> 
  custom:video-encoder-webm-vp8: eb34c28f22e8b96e1ab97ce403110664 -> 
  custom:audio-decoder-ogg-vorbis: bf7c407c2cedff20999df2af8eb42d56 -> 
  custom:audio-encoder-webm-vorbis: bf7c407c2cedff20999df2af8eb42d56 -> 
========================================================================
Received Import Request.
  Time since last request: 71.945711 seconds.
  path: Assets/Scripts/Guardian/Guardian.cs
  artifactKey: Guid(231bcb3ba94c46440b02216accd05905) Importer(815301076,1909f56bfc062723c751e8b465ee728b)
Start importing Assets/Scripts/Guardian/Guardian.cs using Guid(231bcb3ba94c46440b02216accd05905) Importer(815301076,1909f56bfc062723c751e8b465ee728b)  -> (artifact id: '90240486d8afc94e2562a3368764e19f') in 0.003520 seconds
Number of updated asset objects reloaded before import = 0
Number of asset objects unloaded after import = 0
========================================================================
Received Import Request.
  Time since last request: 90.231863 seconds.
  path: Assets/Scripts/Guardian/Guardian.cs
  artifactKey: Guid(231bcb3ba94c46440b02216accd05905) Importer(815301076,1909f56bfc062723c751e8b465ee728b)
Start importing Assets/Scripts/Guardian/Guardian.cs using Guid(231bcb3ba94c46440b02216accd05905) Importer(815301076,1909f56bfc062723c751e8b465ee728b)  -> (artifact id: '00000000000000000000000000000000') in 0.000745 seconds
Import Error Code:(4)
Message: Build asset version error: assets/scripts/guardian/guardian.cs in SourceAssetDB has modification time of '2024-02-29T00:40:08.1865316Z' while content on disk has modification time of '2024-02-29T00:40:08.4614771Z'
  ERROR: Build asset version error: assets/scripts/guardian/guardian.cs in SourceAssetDB has modification time of '2024-02-29T00:40:08.1865316Z' while content on disk has modification time of '2024-02-29T00:40:08.4614771Z'
Number of updated asset objects reloaded before import = 0
Number of asset objects unloaded after import = 0
========================================================================
Received Import Request.
  Time since last request: 0.021213 seconds.
  path: Assets/Scripts/Guardian/Guardian.cs
  artifactKey: Guid(231bcb3ba94c46440b02216accd05905) Importer(815301076,1909f56bfc062723c751e8b465ee728b)
Start importing Assets/Scripts/Guardian/Guardian.cs using Guid(231bcb3ba94c46440b02216accd05905) Importer(815301076,1909f56bfc062723c751e8b465ee728b)  -> (artifact id: '00000000000000000000000000000000') in 0.000719 seconds
Import Error Code:(4)
Message: Build asset version error: assets/scripts/guardian/guardian.cs in SourceAssetDB has modification time of '2024-02-29T00:40:08.1865316Z' while content on disk has modification time of '2024-02-29T00:40:08.4614771Z'
  ERROR: Build asset version error: assets/scripts/guardian/guardian.cs in SourceAssetDB has modification time of '2024-02-29T00:40:08.1865316Z' while content on disk has modification time of '2024-02-29T00:40:08.4614771Z'
Number of updated asset objects reloaded before import = 0
Number of asset objects unloaded after import = 0
========================================================================
Received Import Request.
  Time since last request: 0.026908 seconds.
  path: Assets/Scripts/Guardian/Guardian.cs
  artifactKey: Guid(231bcb3ba94c46440b02216accd05905) Importer(815301076,1909f56bfc062723c751e8b465ee728b)
Start importing Assets/Scripts/Guardian/Guardian.cs using Guid(231bcb3ba94c46440b02216accd05905) Importer(815301076,1909f56bfc062723c751e8b465ee728b)  -> (artifact id: 'dc8b632a8f912307d57d4912f351956a') in 0.000772 seconds
Number of updated asset objects reloaded before import = 0
Number of asset objects unloaded after import = 0
========================================================================
Received Import Request.
  Time since last request: 16.111101 seconds.
  path: Assets/Scripts/Guardian/Guardian.cs
  artifactKey: Guid(231bcb3ba94c46440b02216accd05905) Importer(815301076,1909f56bfc062723c751e8b465ee728b)
Start importing Assets/Scripts/Guardian/Guardian.cs using Guid(231bcb3ba94c46440b02216accd05905) Importer(815301076,1909f56bfc062723c751e8b465ee728b)  -> (artifact id: 'a323e7a6d335495bd286ec10e1a1cf34') in 0.000617 seconds
Number of updated asset objects reloaded before import = 0
Number of asset objects unloaded after import = 0
========================================================================
Received Import Request.
  Time since last request: 11.882881 seconds.
  path: Assets/Scripts/Guardian/Guardian.cs
  artifactKey: Guid(231bcb3ba94c46440b02216accd05905) Importer(815301076,1909f56bfc062723c751e8b465ee728b)
Start importing Assets/Scripts/Guardian/Guardian.cs using Guid(231bcb3ba94c46440b02216accd05905) Importer(815301076,1909f56bfc062723c751e8b465ee728b)  -> (artifact id: '00000000000000000000000000000000') in 0.002401 seconds
Import Error Code:(4)
Message: Build asset version error: assets/scripts/guardian/guardian.cs in SourceAssetDB has modification time of '2024-02-29T00:40:36.2959938Z' while content on disk has modification time of '2024-02-29T00:40:36.5429165Z'
  ERROR: Build asset version error: assets/scripts/guardian/guardian.cs in SourceAssetDB has modification time of '2024-02-29T00:40:36.2959938Z' while content on disk has modification time of '2024-02-29T00:40:36.5429165Z'
Number of updated asset objects reloaded before import = 0
Number of asset objects unloaded after import = 0
========================================================================
Received Import Request.
  Time since last request: 0.016535 seconds.
  path: Assets/Scripts/Guardian/Guardian.cs
  artifactKey: Guid(231bcb3ba94c46440b02216accd05905) Importer(815301076,1909f56bfc062723c751e8b465ee728b)
Start importing Assets/Scripts/Guardian/Guardian.cs using Guid(231bcb3ba94c46440b02216accd05905) Importer(815301076,1909f56bfc062723c751e8b465ee728b)  -> (artifact id: '00000000000000000000000000000000') in 0.000721 seconds
Import Error Code:(4)
Message: Build asset version error: assets/scripts/guardian/guardian.cs in SourceAssetDB has modification time of '2024-02-29T00:40:36.2959938Z' while content on disk has modification time of '2024-02-29T00:40:36.5429165Z'
  ERROR: Build asset version error: assets/scripts/guardian/guardian.cs in SourceAssetDB has modification time of '2024-02-29T00:40:36.2959938Z' while content on disk has modification time of '2024-02-29T00:40:36.5429165Z'
Number of updated asset objects reloaded before import = 0
Number of asset objects unloaded after import = 0
========================================================================
Received Import Request.
  Time since last request: 0.023228 seconds.
  path: Assets/Scripts/Guardian/Guardian.cs
  artifactKey: Guid(231bcb3ba94c46440b02216accd05905) Importer(815301076,1909f56bfc062723c751e8b465ee728b)
Start importing Assets/Scripts/Guardian/Guardian.cs using Guid(231bcb3ba94c46440b02216accd05905) Importer(815301076,1909f56bfc062723c751e8b465ee728b)  -> (artifact id: 'ba5abd777d91f274c6adf34daf7df7d5') in 0.001309 seconds
Number of updated asset objects reloaded before import = 0
Number of asset objects unloaded after import = 0
========================================================================
Received Import Request.
  Time since last request: 2.774189 seconds.
  path: Assets/Scripts/Guardian/Guardian.cs
  artifactKey: Guid(231bcb3ba94c46440b02216accd05905) Importer(815301076,1909f56bfc062723c751e8b465ee728b)
Start importing Assets/Scripts/Guardian/Guardian.cs using Guid(231bcb3ba94c46440b02216accd05905) Importer(815301076,1909f56bfc062723c751e8b465ee728b)  -> (artifact id: 'dce5346fdcbc37fdcf7df698cfa2e06d') in 0.000667 seconds
Number of updated asset objects reloaded before import = 0
Number of asset objects unloaded after import = 0
========================================================================
Received Import Request.
  Time since last request: 22.959773 seconds.
  path: Assets/Scripts/Guardian/Guardian.cs
  artifactKey: Guid(231bcb3ba94c46440b02216accd05905) Importer(815301076,1909f56bfc062723c751e8b465ee728b)
Start importing Assets/Scripts/Guardian/Guardian.cs using Guid(231bcb3ba94c46440b02216accd05905) Importer(815301076,1909f56bfc062723c751e8b465ee728b)  -> (artifact id: '2b58abb30f093d7230062886947123ed') in 0.000629 seconds
Number of updated asset objects reloaded before import = 0
Number of asset objects unloaded after import = 0
========================================================================
Received Import Request.
  Time since last request: 2.591425 seconds.
  path: Assets/Scripts/Guardian/Guardian.cs
  artifactKey: Guid(231bcb3ba94c46440b02216accd05905) Importer(815301076,1909f56bfc062723c751e8b465ee728b)
Start importing Assets/Scripts/Guardian/Guardian.cs using Guid(231bcb3ba94c46440b02216accd05905) Importer(815301076,1909f56bfc062723c751e8b465ee728b)  -> (artifact id: '4b65bb34764ece96dd1cfcf6918db1f4') in 0.001583 seconds
Number of updated asset objects reloaded before import = 0
Number of asset objects unloaded after import = 0
========================================================================
Received Import Request.
  Time since last request: 23.641154 seconds.
  path: Assets/Scripts/Guardian/Guardian.cs
  artifactKey: Guid(231bcb3ba94c46440b02216accd05905) Importer(815301076,1909f56bfc062723c751e8b465ee728b)
Start importing Assets/Scripts/Guardian/Guardian.cs using Guid(231bcb3ba94c46440b02216accd05905) Importer(815301076,1909f56bfc062723c751e8b465ee728b)  -> (artifact id: 'cf8f7b93ef5c43ab3d4a7a2c43943a81') in 0.000630 seconds
Number of updated asset objects reloaded before import = 0
Number of asset objects unloaded after import = 0
========================================================================
Received Import Request.
  Time since last request: 21.792518 seconds.
  path: Assets/Scripts/Guardian/Guardian.cs
  artifactKey: Guid(231bcb3ba94c46440b02216accd05905) Importer(815301076,1909f56bfc062723c751e8b465ee728b)
Start importing Assets/Scripts/Guardian/Guardian.cs using Guid(231bcb3ba94c46440b02216accd05905) Importer(815301076,1909f56bfc062723c751e8b465ee728b)  -> (artifact id: '541e413f2d7abca34868892db9a16200') in 0.000569 seconds
Number of updated asset objects reloaded before import = 0
Number of asset objects unloaded after import = 0
========================================================================
Received Import Request.
  Time since last request: 34.433274 seconds.
  path: Assets/Scripts/Guardian/Guardian.cs
  artifactKey: Guid(231bcb3ba94c46440b02216accd05905) Importer(815301076,1909f56bfc062723c751e8b465ee728b)
Start importing Assets/Scripts/Guardian/Guardian.cs using Guid(231bcb3ba94c46440b02216accd05905) Importer(815301076,1909f56bfc062723c751e8b465ee728b)  -> (artifact id: 'ee9e5684efa9dae42c82ed110f6a825a') in 0.000617 seconds
Number of updated asset objects reloaded before import = 0
Number of asset objects unloaded after import = 0
========================================================================
Received Import Request.
  Time since last request: 17.518175 seconds.
  path: Assets/Scripts/Guardian/Guardian.cs
  artifactKey: Guid(231bcb3ba94c46440b02216accd05905) Importer(815301076,1909f56bfc062723c751e8b465ee728b)
Start importing Assets/Scripts/Guardian/Guardian.cs using Guid(231bcb3ba94c46440b02216accd05905) Importer(815301076,1909f56bfc062723c751e8b465ee728b)  -> (artifact id: '94b6e5fb1ba850e2c1ba421f5bed0608') in 0.000574 seconds
Number of updated asset objects reloaded before import = 0
Number of asset objects unloaded after import = 0
========================================================================
Received Import Request.
  Time since last request: 8.488395 seconds.
  path: Assets/Scripts/Guardian/Guardian.cs
  artifactKey: Guid(231bcb3ba94c46440b02216accd05905) Importer(815301076,1909f56bfc062723c751e8b465ee728b)
Start importing Assets/Scripts/Guardian/Guardian.cs using Guid(231bcb3ba94c46440b02216accd05905) Importer(815301076,1909f56bfc062723c751e8b465ee728b)  -> (artifact id: '4dcef318a745ceb8ecc70c0c63b28f37') in 0.017447 seconds
Number of updated asset objects reloaded before import = 0
Number of asset objects unloaded after import = 0
========================================================================
Received Import Request.
  Time since last request: 23.732912 seconds.
  path: Assets/Scripts/Guardian/Guardian.cs
  artifactKey: Guid(231bcb3ba94c46440b02216accd05905) Importer(815301076,1909f56bfc062723c751e8b465ee728b)
Start importing Assets/Scripts/Guardian/Guardian.cs using Guid(231bcb3ba94c46440b02216accd05905) Importer(815301076,1909f56bfc062723c751e8b465ee728b)  -> (artifact id: '00000000000000000000000000000000') in 0.001133 seconds
Import Error Code:(4)
Message: Build asset version error: assets/scripts/guardian/guardian.cs in SourceAssetDB has modification time of '2024-02-29T00:43:14.3078083Z' while content on disk has modification time of '2024-02-29T00:43:14.5441759Z'
  ERROR: Build asset version error: assets/scripts/guardian/guardian.cs in SourceAssetDB has modification time of '2024-02-29T00:43:14.3078083Z' while content on disk has modification time of '2024-02-29T00:43:14.5441759Z'
Number of updated asset objects reloaded before import = 0
Number of asset objects unloaded after import = 0
========================================================================
Received Import Request.
  Time since last request: 0.019903 seconds.
  path: Assets/Scripts/Guardian/Guardian.cs
  artifactKey: Guid(231bcb3ba94c46440b02216accd05905) Importer(815301076,1909f56bfc062723c751e8b465ee728b)
Start importing Assets/Scripts/Guardian/Guardian.cs using Guid(231bcb3ba94c46440b02216accd05905) Importer(815301076,1909f56bfc062723c751e8b465ee728b)  -> (artifact id: '00000000000000000000000000000000') in 0.001601 seconds
Import Error Code:(4)
Message: Build asset version error: assets/scripts/guardian/guardian.cs in SourceAssetDB has modification time of '2024-02-29T00:43:14.3078083Z' while content on disk has modification time of '2024-02-29T00:43:14.5441759Z'
  ERROR: Build asset version error: assets/scripts/guardian/guardian.cs in SourceAssetDB has modification time of '2024-02-29T00:43:14.3078083Z' while content on disk has modification time of '2024-02-29T00:43:14.5441759Z'
Number of updated asset objects reloaded before import = 0
Number of asset objects unloaded after import = 0
========================================================================
Received Import Request.
  Time since last request: 0.034858 seconds.
  path: Assets/Scripts/Guardian/Guardian.cs
  artifactKey: Guid(231bcb3ba94c46440b02216accd05905) Importer(815301076,1909f56bfc062723c751e8b465ee728b)
Start importing Assets/Scripts/Guardian/Guardian.cs using Guid(231bcb3ba94c46440b02216accd05905) Importer(815301076,1909f56bfc062723c751e8b465ee728b)  -> (artifact id: '31a8d823c9c63f87734b899321789a79') in 0.001196 seconds
Number of updated asset objects reloaded before import = 0
Number of asset objects unloaded after import = 0
========================================================================
Received Import Request.
  Time since last request: 10.282905 seconds.
  path: Assets/Scripts/Guardian/Guardian.cs
  artifactKey: Guid(231bcb3ba94c46440b02216accd05905) Importer(815301076,1909f56bfc062723c751e8b465ee728b)
Start importing Assets/Scripts/Guardian/Guardian.cs using Guid(231bcb3ba94c46440b02216accd05905) Importer(815301076,1909f56bfc062723c751e8b465ee728b)  -> (artifact id: '4526f7a7497816f96a1e101829f5f9e4') in 0.000791 seconds
Number of updated asset objects reloaded before import = 0
Number of asset objects unloaded after import = 0
========================================================================
Received Import Request.
  Time since last request: 25.563554 seconds.
  path: Assets/Scripts/Guardian/Guardian.cs
  artifactKey: Guid(231bcb3ba94c46440b02216accd05905) Importer(815301076,1909f56bfc062723c751e8b465ee728b)
Start importing Assets/Scripts/Guardian/Guardian.cs using Guid(231bcb3ba94c46440b02216accd05905) Importer(815301076,1909f56bfc062723c751e8b465ee728b)  -> (artifact id: '00000000000000000000000000000000') in 0.001400 seconds
Import Error Code:(4)
Message: Build asset version error: assets/scripts/guardian/guardian.cs in SourceAssetDB has modification time of '2024-02-29T00:43:50.2258094Z' while content on disk has modification time of '2024-02-29T00:43:50.4751416Z'
  ERROR: Build asset version error: assets/scripts/guardian/guardian.cs in SourceAssetDB has modification time of '2024-02-29T00:43:50.2258094Z' while content on disk has modification time of '2024-02-29T00:43:50.4751416Z'
Number of updated asset objects reloaded before import = 0
Number of asset objects unloaded after import = 0
========================================================================
Received Import Request.
  Time since last request: 0.016183 seconds.
  path: Assets/Scripts/Guardian/Guardian.cs
  artifactKey: Guid(231bcb3ba94c46440b02216accd05905) Importer(815301076,1909f56bfc062723c751e8b465ee728b)
Start importing Assets/Scripts/Guardian/Guardian.cs using Guid(231bcb3ba94c46440b02216accd05905) Importer(815301076,1909f56bfc062723c751e8b465ee728b)  -> (artifact id: '00000000000000000000000000000000') in 0.000839 seconds
Import Error Code:(4)
Message: Build asset version error: assets/scripts/guardian/guardian.cs in SourceAssetDB has modification time of '2024-02-29T00:43:50.2258094Z' while content on disk has modification time of '2024-02-29T00:43:50.4751416Z'
  ERROR: Build asset version error: assets/scripts/guardian/guardian.cs in SourceAssetDB has modification time of '2024-02-29T00:43:50.2258094Z' while content on disk has modification time of '2024-02-29T00:43:50.4751416Z'
Number of updated asset objects reloaded before import = 0
Number of asset objects unloaded after import = 0
========================================================================
Received Import Request.
  Time since last request: 0.026664 seconds.
  path: Assets/Scripts/Guardian/Guardian.cs
  artifactKey: Guid(231bcb3ba94c46440b02216accd05905) Importer(815301076,1909f56bfc062723c751e8b465ee728b)
Start importing Assets/Scripts/Guardian/Guardian.cs using Guid(231bcb3ba94c46440b02216accd05905) Importer(815301076,1909f56bfc062723c751e8b465ee728b)  -> (artifact id: 'a57a7fb7e509accc15c1396fe20dbe4c') in 0.000605 seconds
Number of updated asset objects reloaded before import = 0
Number of asset objects unloaded after import = 0
========================================================================
Received Import Request.
  Time since last request: 193.144409 seconds.
  path: Assets/Scripts/Guardian/Guardian.cs
  artifactKey: Guid(231bcb3ba94c46440b02216accd05905) Importer(815301076,1909f56bfc062723c751e8b465ee728b)
Start importing Assets/Scripts/Guardian/Guardian.cs using Guid(231bcb3ba94c46440b02216accd05905) Importer(815301076,1909f56bfc062723c751e8b465ee728b)  -> (artifact id: '13fdfbb5d536b66d7e2ef10ee99fa303') in 0.000728 seconds
Number of updated asset objects reloaded before import = 0
Number of asset objects unloaded after import = 0
========================================================================
Received Import Request.
  Time since last request: 12.148413 seconds.
  path: Assets/Scripts/Guardian/Guardian.cs
  artifactKey: Guid(231bcb3ba94c46440b02216accd05905) Importer(815301076,1909f56bfc062723c751e8b465ee728b)
Start importing Assets/Scripts/Guardian/Guardian.cs using Guid(231bcb3ba94c46440b02216accd05905) Importer(815301076,1909f56bfc062723c751e8b465ee728b)  -> (artifact id: 'a606d96ee6105aa6583a54c54484cf2f') in 0.001053 seconds
Number of updated asset objects reloaded before import = 0
Number of asset objects unloaded after import = 0
========================================================================
Received Prepare
Begin MonoManager ReloadAssembly
- Loaded All Assemblies, in  0.565 seconds
Refreshing native plugins compatible for Editor in 5.12 ms, found 3 plugins.
Native extension for WindowsStandalone target not found
[Package Manager] Server::EnsureServerProcessIsRunning -- launch failed, reason: Unity was launched with the -noUpm command-line argument
[Package Manager] UpmClient::Send -- Unable to send message (not connected to UPM process).
[Package Manager] Cannot connect to Unity Package Manager local server
Mono: successfully reloaded assembly
- Finished resetting the current domain, in  1.220 seconds
Domain Reload Profiling: 1781ms
	BeginReloadAssembly (212ms)
		ExecutionOrderSort (0ms)
		DisableScriptedObjects (6ms)
		BackupInstance (0ms)
		ReleaseScriptingObjects (0ms)
		CreateAndSetChildDomain (38ms)
	RebuildCommonClasses (39ms)
	RebuildNativeTypeToScriptingClass (13ms)
	initialDomainReloadingComplete (35ms)
	LoadAllAssembliesAndSetupDomain (260ms)
		LoadAssemblies (351ms)
		RebuildTransferFunctionScriptingTraits (0ms)
		AnalyzeDomain (25ms)
			TypeCache.Refresh (10ms)
				TypeCache.ScanAssembly (0ms)
			ScanForSourceGeneratedMonoScriptInfo (8ms)
			ResolveRequiredComponents (6ms)
	FinalizeReload (1221ms)
		ReleaseScriptCaches (0ms)
		RebuildScriptCaches (0ms)
		SetupLoadedEditorAssemblies (406ms)
			LogAssemblyErrors (0ms)
			InitializePlatformSupportModulesInManaged (7ms)
			SetLoadedEditorAssemblies (4ms)
			RefreshPlugins (0ms)
			BeforeProcessingInitializeOnLoad (71ms)
			ProcessInitializeOnLoadAttributes (292ms)
			ProcessInitializeOnLoadMethodAttributes (22ms)
			AfterProcessingInitializeOnLoad (10ms)
			EditorAssembliesLoaded (0ms)
		ExecutionOrderSort2 (0ms)
		AwakeInstancesAfterBackupRestoration (17ms)
Refreshing native plugins compatible for Editor in 8.24 ms, found 3 plugins.
Preloading 0 native plugins for Editor in 0.00 ms.
Unloading 3085 Unused Serialized files (Serialized files now loaded: 0)
Unloading 23 unused Assets / (31.1 KB). Loaded Objects now: 3579.
Memory consumption went from 128.7 MB to 128.7 MB.
Total: 5.116900 ms (FindLiveObjects: 0.416600 ms CreateObjectMapping: 0.977700 ms MarkObjects: 3.668700 ms  DeleteObjects: 0.052700 ms)

Prepare: number of updated asset objects reloaded= 0
AssetImportParameters requested are different than current active one (requested -> active):
  custom:container-demuxer-ogg: 62fdf1f143b41e24485cea50d1cbac27 -> 
  custom:video-decoder-ogg-theora: a1e56fd34408186e4bbccfd4996cb3dc -> 
  custom:framework-win-MediaFoundation: 216162199b28c13a410421893ffa2e32 -> 
  custom:CustomObjectIndexerAttribute: 43b350a4d6e6d1791af0b5038c4bea17 -> 
  custom:container-demuxer-webm: 4f35f7cbe854078d1ac9338744f61a02 -> 
  custom:container-muxer-webm: aa71ff27fc2769a1b78a27578f13a17b -> 
  custom:video-decoder-webm-vp8: 9c59270c3fd7afecdb556c50c9e8de78 -> 
  custom:SearchIndexIgnoredProperties: e643bd26f0fe6173181afceb89e7c659 -> 
  custom:AudioImporter_EditorPlatform: d09bf68614088b80899f8185d706f6e7 -> 
  custom:video-encoder-webm-vp8: eb34c28f22e8b96e1ab97ce403110664 -> 
  custom:audio-decoder-ogg-vorbis: bf7c407c2cedff20999df2af8eb42d56 -> 
  custom:audio-encoder-webm-vorbis: bf7c407c2cedff20999df2af8eb42d56 -> 
